Using pre-set license
Built from '2020.3/release' branch; Version is '2020.3.2f1 (8fd9074bf66c) revision 9427207'; Using compiler version '192528614'; Build Type 'Release'
OS: 'Windows 10 Home; OS build 19041.985; Version 2004; 64bit' Language: 'en' Physical Memory: 16111 MB
BatchMode: 1, IsHumanControllingUs: 0, StartBugReporterOnCrash: 0, Is64bit: 1, IsPro: 0

 COMMAND LINE ARGUMENTS:
C:\Program Files\Unity\Hub\Editor\2020.3.2f1\Editor\Unity.exe
-adb2
-batchMode
-noUpm
-name
AssetImportWorker0
-projectPath
C:/Users/samle/OneDrive/Documents/GitHub/SewerMultiplayerFPS/SewerMultiplayerFPS
-logFile
Logs/AssetImportWorker0.log
-srvPort
63912
Successfully changed project path to: C:/Users/samle/OneDrive/Documents/GitHub/SewerMultiplayerFPS/SewerMultiplayerFPS
C:/Users/samle/OneDrive/Documents/GitHub/SewerMultiplayerFPS/SewerMultiplayerFPS
Using Asset Import Pipeline V2.
Refreshing native plugins compatible for Editor in 39.60 ms, found 0 plugins.
Preloading 0 native plugins for Editor in 0.00 ms.
Initialize engine version: 2020.3.2f1 (8fd9074bf66c)
[Subsystems] Discovering subsystems at path C:/Program Files/Unity/Hub/Editor/2020.3.2f1/Editor/Data/Resources/UnitySubsystems
[Subsystems] Discovering subsystems at path C:/Users/samle/OneDrive/Documents/GitHub/SewerMultiplayerFPS/SewerMultiplayerFPS/Assets
GfxDevice: creating device client; threaded=0
Direct3D:
    Version:  Direct3D 11.0 [level 11.1]
    Renderer: NVIDIA GeForce GTX 1650 (ID=0x1f91)
    Vendor:   
    VRAM:     3964 MB
    Driver:   27.21.14.6109
Initialize mono
Mono path[0] = 'C:/Program Files/Unity/Hub/Editor/2020.3.2f1/Editor/Data/Managed'
Mono path[1] = 'C:/Program Files/Unity/Hub/Editor/2020.3.2f1/Editor/Data/MonoBleedingEdge/lib/mono/unityjit'
Mono config path = 'C:/Program Files/Unity/Hub/Editor/2020.3.2f1/Editor/Data/MonoBleedingEdge/etc'
Using monoOptions --debugger-agent=transport=dt_socket,embedding=1,server=y,suspend=n,address=127.0.0.1:56108
Begin MonoManager ReloadAssembly
Registering precompiled unity dll's ...
Register platform support module: C:/Program Files/Unity/Hub/Editor/2020.3.2f1/Editor/Data/PlaybackEngines/WindowsStandaloneSupport/UnityEditor.WindowsStandalone.Extensions.dll
Registered in 0.001763 seconds.
Native extension for WindowsStandalone target not found
Refreshing native plugins compatible for Editor in 38.40 ms, found 0 plugins.
Preloading 0 native plugins for Editor in 0.00 ms.
Invoked RoslynAnalysisRunner static constructor.
RoslynAnalysisRunner will not be running.
RoslynAnalysisRunner has terminated.
Mono: successfully reloaded assembly
- Completed reload, in  1.005 seconds
Platform modules already initialized, skipping
Registering precompiled user dll's ...
Registered in 0.001908 seconds.
Begin MonoManager ReloadAssembly
Native extension for WindowsStandalone target not found
Refreshing native plugins compatible for Editor in 0.40 ms, found 0 plugins.
Preloading 0 native plugins for Editor in 0.00 ms.
Invoked RoslynAnalysisRunner static constructor.
RoslynAnalysisRunner will not be running.
RoslynAnalysisRunner has terminated.
Mono: successfully reloaded assembly
- Completed reload, in  0.959 seconds
Platform modules already initialized, skipping
========================================================================
Worker process is ready to serve import requests
Launched and connected shader compiler UnityShaderCompiler.exe after 0.04 seconds
Refreshing native plugins compatible for Editor in 0.39 ms, found 0 plugins.
Preloading 0 native plugins for Editor in 0.00 ms.
Unloading 1843 Unused Serialized files (Serialized files now loaded: 0)
System memory in use before: 95.7 MB.
System memory in use after: 95.2 MB.

Unloading 88 unused Assets to reduce memory usage. Loaded Objects now: 2284.
Total: 5.633500 ms (FindLiveObjects: 0.415200 ms CreateObjectMapping: 0.233400 ms MarkObjects: 4.269500 ms  DeleteObjects: 0.713100 ms)

========================================================================
Received Import Request.
  path: Assets/Art/Rat Front.1.png
  artifactKey: Guid(41ee608dbe7741442b0a82d143fa8556) Importer(815301076,1909f56bfc062723c751e8b465ee728b)
Start importing Assets/Art/Rat Front.1.png using Guid(41ee608dbe7741442b0a82d143fa8556) Importer(815301076,1909f56bfc062723c751e8b465ee728b)  -> (artifact id: '478c0c774f6e073a7dab643533027ad5') in 0.058385 seconds
  Import took 0.063891 seconds .

========================================================================
Received Import Request.
  Time since last request: 16.646118 seconds.
  path: Assets/Art/Rat Front.1.png
  artifactKey: Guid(41ee608dbe7741442b0a82d143fa8556) Importer(815301076,1909f56bfc062723c751e8b465ee728b)
Start importing Assets/Art/Rat Front.1.png using Guid(41ee608dbe7741442b0a82d143fa8556) Importer(815301076,1909f56bfc062723c751e8b465ee728b)  -> (artifact id: 'db7f97464d3d06bdb50bfd115502666d') in 0.062066 seconds
  Import took 0.064731 seconds .

========================================================================
Received Import Request.
  Time since last request: 61.525842 seconds.
  path: Assets/Art/Rat Front.1.png
  artifactKey: Guid(41ee608dbe7741442b0a82d143fa8556) Importer(815301076,1909f56bfc062723c751e8b465ee728b)
Start importing Assets/Art/Rat Front.1.png using Guid(41ee608dbe7741442b0a82d143fa8556) Importer(815301076,1909f56bfc062723c751e8b465ee728b)  -> (artifact id: '46ffb83d88b7737beb19b0b37931e2de') in 0.019744 seconds
  Import took 0.022777 seconds .

========================================================================
Received Import Request.
  Time since last request: 6.502854 seconds.
  path: Assets/Art/Rat Front.1.png
  artifactKey: Guid(41ee608dbe7741442b0a82d143fa8556) Importer(815301076,1909f56bfc062723c751e8b465ee728b)
Start importing Assets/Art/Rat Front.1.png using Guid(41ee608dbe7741442b0a82d143fa8556) Importer(815301076,1909f56bfc062723c751e8b465ee728b)  -> (artifact id: '415a1ea0292902ccbd2739a027f6fadc') in 0.016290 seconds
  Import took 0.019294 seconds .

========================================================================
Received Import Request.
  Time since last request: 7.135439 seconds.
  path: Assets/Art/Rat Front.1.png
  artifactKey: Guid(41ee608dbe7741442b0a82d143fa8556) Importer(815301076,1909f56bfc062723c751e8b465ee728b)
Start importing Assets/Art/Rat Front.1.png using Guid(41ee608dbe7741442b0a82d143fa8556) Importer(815301076,1909f56bfc062723c751e8b465ee728b)  -> (artifact id: '24490ac39e7710b7b34fd6c68ce55ff2') in 0.016111 seconds
  Import took 0.019757 seconds .

========================================================================
Received Import Request.
  Time since last request: 6.314580 seconds.
  path: Assets/Art/Rat Front.1.png
  artifactKey: Guid(41ee608dbe7741442b0a82d143fa8556) Importer(815301076,1909f56bfc062723c751e8b465ee728b)
Start importing Assets/Art/Rat Front.1.png using Guid(41ee608dbe7741442b0a82d143fa8556) Importer(815301076,1909f56bfc062723c751e8b465ee728b)  -> (artifact id: '295ae7e3baad4053b4fb9bf973ae62c8') in 0.021304 seconds
  Import took 0.024238 seconds .

========================================================================
Received Import Request.
  Time since last request: 9.885298 seconds.
  path: Assets/Art/Rat Front.1.png
  artifactKey: Guid(41ee608dbe7741442b0a82d143fa8556) Importer(815301076,1909f56bfc062723c751e8b465ee728b)
Start importing Assets/Art/Rat Front.1.png using Guid(41ee608dbe7741442b0a82d143fa8556) Importer(815301076,1909f56bfc062723c751e8b465ee728b)  -> (artifact id: '118fb5fcc1bf38c7263eeb23a8b725b6') in 0.015778 seconds
  Import took 0.018652 seconds .

========================================================================
Received Prepare
Refreshing native plugins compatible for Editor in 1.63 ms, found 0 plugins.
Preloading 0 native plugins for Editor in 0.00 ms.
Unloading 9 Unused Serialized files (Serialized files now loaded: 0)
System memory in use before: 56.5 MB.
System memory in use after: 56.0 MB.

Unloading 9 unused Assets to reduce memory usage. Loaded Objects now: 2291.
Total: 2.354800 ms (FindLiveObjects: 0.253700 ms CreateObjectMapping: 0.095500 ms MarkObjects: 1.725200 ms  DeleteObjects: 0.279300 ms)

========================================================================
Received Import Request.
  Time since last request: 45.544600 seconds.
  path: Assets/Art/wall tile 1081.png
  artifactKey: Guid(b37aefba4bc83d74eb0c739a11f88ae0) Importer(815301076,1909f56bfc062723c751e8b465ee728b)
Start importing Assets/Art/wall tile 1081.png using Guid(b37aefba4bc83d74eb0c739a11f88ae0) Importer(815301076,1909f56bfc062723c751e8b465ee728b)  -> (artifact id: '9f4b91b5691e5341d01c2f95ea005dfa') in 0.042149 seconds
  Import took 0.045064 seconds .

========================================================================
Received Import Request.
  Time since last request: 17.241829 seconds.
  path: Assets/Art/wall tile 1081.png
  artifactKey: Guid(b37aefba4bc83d74eb0c739a11f88ae0) Importer(815301076,1909f56bfc062723c751e8b465ee728b)
Start importing Assets/Art/wall tile 1081.png using Guid(b37aefba4bc83d74eb0c739a11f88ae0) Importer(815301076,1909f56bfc062723c751e8b465ee728b)  -> (artifact id: '1cd79f2f65aba7727624c6498bca941d') in 0.016227 seconds
  Import took 0.020192 seconds .

========================================================================
Received Prepare
Registering precompiled user dll's ...
Registered in 0.002348 seconds.
Begin MonoManager ReloadAssembly
Native extension for WindowsStandalone target not found
Refreshing native plugins compatible for Editor in 0.51 ms, found 0 plugins.
Preloading 0 native plugins for Editor in 0.00 ms.
Warning: Annotation not found!
UnityEngine.StackTraceUtility:ExtractStackTrace ()
UnityEditor.ProBuilder.EditorUtility:SetGizmoIconEnabled (System.Type,bool) (at Library/PackageCache/com.unity.probuilder@4.5.0/Editor/EditorCore/EditorUtility.cs:593)
UnityEditor.ProBuilder.HierarchyListener:.cctor () (at Library/PackageCache/com.unity.probuilder@4.5.0/Editor/EditorCore/HierarchyListener.cs:21)
System.Runtime.CompilerServices.RuntimeHelpers:RunClassConstructor (System.RuntimeTypeHandle)
UnityEditor.EditorAssemblies:ProcessInitializeOnLoadAttributes (System.Type[])

[Library/PackageCache/com.unity.probuilder@4.5.0/Editor/EditorCore/EditorUtility.cs line 593]

Invoked RoslynAnalysisRunner static constructor.
RoslynAnalysisRunner will not be running.
RoslynAnalysisRunner has terminated.
Mono: successfully reloaded assembly
- Completed reload, in  1.078 seconds
Platform modules already initialized, skipping
Refreshing native plugins compatible for Editor in 0.77 ms, found 0 plugins.
Preloading 0 native plugins for Editor in 0.00 ms.
Unloading 1768 Unused Serialized files (Serialized files now loaded: 0)
System memory in use before: 91.9 MB.
System memory in use after: 91.4 MB.

Unloading 11 unused Assets to reduce memory usage. Loaded Objects now: 2296.
Total: 4.784100 ms (FindLiveObjects: 1.122500 ms CreateObjectMapping: 0.357300 ms MarkObjects: 2.978300 ms  DeleteObjects: 0.322700 ms)

========================================================================
Received Import Request.
  Time since last request: 196.731997 seconds.
  path: Assets/Resources/PhotonPrefabs/PlayerController.prefab
  artifactKey: Guid(9c58df728f072f8459ea0a0f6269d035) Importer(815301076,1909f56bfc062723c751e8b465ee728b)
Start importing Assets/Resources/PhotonPrefabs/PlayerController.prefab using Guid(9c58df728f072f8459ea0a0f6269d035) Importer(815301076,1909f56bfc062723c751e8b465ee728b)  -> (artifact id: '025de5d59056f9ba8036e0dea122ce90') in 0.192892 seconds
  Import took 0.199121 seconds .

========================================================================
Received Import Request.
  Time since last request: 49.074082 seconds.
  path: Assets/Resources/PhotonPrefabs/PlayerController.prefab
  artifactKey: Guid(9c58df728f072f8459ea0a0f6269d035) Importer(815301076,1909f56bfc062723c751e8b465ee728b)
Start importing Assets/Resources/PhotonPrefabs/PlayerController.prefab using Guid(9c58df728f072f8459ea0a0f6269d035) Importer(815301076,1909f56bfc062723c751e8b465ee728b)  -> (artifact id: '88db1363118cb1398478f2507c516648') in 0.091292 seconds
  Import took 0.097576 seconds .

========================================================================
Received Import Request.
  Time since last request: 0.692639 seconds.
  path: Assets/Resources/PhotonPrefabs/PlayerController.prefab
  artifactKey: Guid(9c58df728f072f8459ea0a0f6269d035) Importer(815301076,1909f56bfc062723c751e8b465ee728b)
Start importing Assets/Resources/PhotonPrefabs/PlayerController.prefab using Guid(9c58df728f072f8459ea0a0f6269d035) Importer(815301076,1909f56bfc062723c751e8b465ee728b)  -> (artifact id: '2e821cd3f8b1513f68304d4cf7a64c9e') in 0.079336 seconds
  Import took 0.086357 seconds .

========================================================================
Received Import Request.
  Time since last request: 1.543778 seconds.
  path: Assets/Resources/PhotonPrefabs/PlayerController.prefab
  artifactKey: Guid(9c58df728f072f8459ea0a0f6269d035) Importer(815301076,1909f56bfc062723c751e8b465ee728b)
Start importing Assets/Resources/PhotonPrefabs/PlayerController.prefab using Guid(9c58df728f072f8459ea0a0f6269d035) Importer(815301076,1909f56bfc062723c751e8b465ee728b)  -> (artifact id: '5bdc14e559a2dc1d3821f65d55a828a5') in 0.082228 seconds
  Import took 0.089920 seconds .

========================================================================
Received Import Request.
  Time since last request: 2.507560 seconds.
  path: Assets/Resources/PhotonPrefabs/PlayerController.prefab
  artifactKey: Guid(9c58df728f072f8459ea0a0f6269d035) Importer(815301076,1909f56bfc062723c751e8b465ee728b)
Start importing Assets/Resources/PhotonPrefabs/PlayerController.prefab using Guid(9c58df728f072f8459ea0a0f6269d035) Importer(815301076,1909f56bfc062723c751e8b465ee728b)  -> (artifact id: 'a584fa4c4789d30d7fbb3ba0dbb0cc28') in 0.073005 seconds
  Import took 0.080444 seconds .

========================================================================
Received Import Request.
  Time since last request: 14.777093 seconds.
  path: Assets/Scenes/Sewer2.unity
  artifactKey: Guid(589ab7634120e75499f1f4c750f04765) Importer(815301076,1909f56bfc062723c751e8b465ee728b)
Start importing Assets/Scenes/Sewer2.unity using Guid(589ab7634120e75499f1f4c750f04765) Importer(815301076,1909f56bfc062723c751e8b465ee728b)  -> (artifact id: 'd7e85b838f4a2ac1c56c7b40ec41e581') in 0.007189 seconds
  Import took 0.010174 seconds .

========================================================================
Received Import Request.
  Time since last request: 262.241064 seconds.
  path: Assets/Art/WallTile 1.mat
  artifactKey: Guid(9d39753dcd75e35439d2061e30e82ae7) Importer(815301076,1909f56bfc062723c751e8b465ee728b)
Start importing Assets/Art/WallTile 1.mat using Guid(9d39753dcd75e35439d2061e30e82ae7) Importer(815301076,1909f56bfc062723c751e8b465ee728b)  -> (artifact id: 'b60e51698695982b79a5712272a9d21d') in 0.033254 seconds
  Import took 0.037168 seconds .

========================================================================
Received Prepare
Refreshing native plugins compatible for Editor in 1.61 ms, found 0 plugins.
Preloading 0 native plugins for Editor in 0.00 ms.
Unloading 9 Unused Serialized files (Serialized files now loaded: 0)
System memory in use before: 58.8 MB.
System memory in use after: 58.3 MB.

Unloading 10 unused Assets to reduce memory usage. Loaded Objects now: 2334.
Total: 6.382500 ms (FindLiveObjects: 0.425600 ms CreateObjectMapping: 0.192200 ms MarkObjects: 4.987700 ms  DeleteObjects: 0.774800 ms)

========================================================================
Received Prepare
Registering precompiled user dll's ...
Registered in 0.003611 seconds.
Begin MonoManager ReloadAssembly
Native extension for WindowsStandalone target not found
Refreshing native plugins compatible for Editor in 0.90 ms, found 0 plugins.
Preloading 0 native plugins for Editor in 0.00 ms.
Warning: Annotation not found!
UnityEngine.StackTraceUtility:ExtractStackTrace ()
UnityEditor.ProBuilder.EditorUtility:SetGizmoIconEnabled (System.Type,bool) (at Library/PackageCache/com.unity.probuilder@4.5.0/Editor/EditorCore/EditorUtility.cs:593)
UnityEditor.ProBuilder.HierarchyListener:.cctor () (at Library/PackageCache/com.unity.probuilder@4.5.0/Editor/EditorCore/HierarchyListener.cs:21)
System.Runtime.CompilerServices.RuntimeHelpers:RunClassConstructor (System.RuntimeTypeHandle)
UnityEditor.EditorAssemblies:ProcessInitializeOnLoadAttributes (System.Type[])

[Library/PackageCache/com.unity.probuilder@4.5.0/Editor/EditorCore/EditorUtility.cs line 593]

Invoked RoslynAnalysisRunner static constructor.
RoslynAnalysisRunner will not be running.
RoslynAnalysisRunner has terminated.
Mono: successfully reloaded assembly
- Completed reload, in  1.307 seconds
Platform modules already initialized, skipping
Refreshing native plugins compatible for Editor in 0.73 ms, found 0 plugins.
Preloading 0 native plugins for Editor in 0.00 ms.
Unloading 1768 Unused Serialized files (Serialized files now loaded: 0)
System memory in use before: 92.6 MB.
System memory in use after: 92.1 MB.

Unloading 11 unused Assets to reduce memory usage. Loaded Objects now: 2337.
Total: 4.797400 ms (FindLiveObjects: 0.552300 ms CreateObjectMapping: 0.199700 ms MarkObjects: 3.524600 ms  DeleteObjects: 0.517900 ms)

========================================================================
Received Import Request.
  Time since last request: 1158.024999 seconds.
  path: Assets/Scenes/Sewer2.unity
  artifactKey: Guid(589ab7634120e75499f1f4c750f04765) Importer(815301076,1909f56bfc062723c751e8b465ee728b)
Start importing Assets/Scenes/Sewer2.unity using Guid(589ab7634120e75499f1f4c750f04765) Importer(815301076,1909f56bfc062723c751e8b465ee728b)  -> (artifact id: '784a2dd6e1e0e1f20ac5238e83778b91') in 0.007721 seconds
  Import took 0.011376 seconds .

========================================================================
Received Import Request.
  Time since last request: 0.004224 seconds.
  path: Assets/Scenes/Sewer2.unity
  artifactKey: Guid(589ab7634120e75499f1f4c750f04765) Importer(815301076,1909f56bfc062723c751e8b465ee728b)
Start importing Assets/Scenes/Sewer2.unity using Guid(589ab7634120e75499f1f4c750f04765) Importer(815301076,1909f56bfc062723c751e8b465ee728b)  -> (artifact id: '784a2dd6e1e0e1f20ac5238e83778b91') in 0.002292 seconds
  Import took 0.005319 seconds .

========================================================================
Received Prepare
Refreshing native plugins compatible for Editor in 1.78 ms, found 0 plugins.
Preloading 0 native plugins for Editor in 0.00 ms.
Unloading 9 Unused Serialized files (Serialized files now loaded: 0)
System memory in use before: 57.2 MB.
System memory in use after: 56.8 MB.

Unloading 9 unused Assets to reduce memory usage. Loaded Objects now: 2337.
Total: 4.971700 ms (FindLiveObjects: 0.287800 ms CreateObjectMapping: 0.112400 ms MarkObjects: 3.947100 ms  DeleteObjects: 0.622000 ms)

========================================================================
Received Prepare
Registering precompiled user dll's ...
Registered in 0.004069 seconds.
Begin MonoManager ReloadAssembly
Native extension for WindowsStandalone target not found
Refreshing native plugins compatible for Editor in 0.49 ms, found 0 plugins.
Preloading 0 native plugins for Editor in 0.00 ms.
Warning: Annotation not found!
UnityEngine.StackTraceUtility:ExtractStackTrace ()
UnityEditor.ProBuilder.EditorUtility:SetGizmoIconEnabled (System.Type,bool) (at Library/PackageCache/com.unity.probuilder@4.5.0/Editor/EditorCore/EditorUtility.cs:593)
UnityEditor.ProBuilder.HierarchyListener:.cctor () (at Library/PackageCache/com.unity.probuilder@4.5.0/Editor/EditorCore/HierarchyListener.cs:21)
System.Runtime.CompilerServices.RuntimeHelpers:RunClassConstructor (System.RuntimeTypeHandle)
UnityEditor.EditorAssemblies:ProcessInitializeOnLoadAttributes (System.Type[])

[Library/PackageCache/com.unity.probuilder@4.5.0/Editor/EditorCore/EditorUtility.cs line 593]

Invoked RoslynAnalysisRunner static constructor.
RoslynAnalysisRunner will not be running.
RoslynAnalysisRunner has terminated.
Mono: successfully reloaded assembly
- Completed reload, in  1.416 seconds
Platform modules already initialized, skipping
Refreshing native plugins compatible for Editor in 0.44 ms, found 0 plugins.
Preloading 0 native plugins for Editor in 0.00 ms.
Unloading 1768 Unused Serialized files (Serialized files now loaded: 0)
System memory in use before: 92.6 MB.
System memory in use after: 92.1 MB.

Unloading 11 unused Assets to reduce memory usage. Loaded Objects now: 2340.
Total: 6.915800 ms (FindLiveObjects: 0.381200 ms CreateObjectMapping: 0.107800 ms MarkObjects: 5.700200 ms  DeleteObjects: 0.722500 ms)

========================================================================
Received Prepare
Registering precompiled user dll's ...
Registered in 0.002865 seconds.
Begin MonoManager ReloadAssembly
Native extension for WindowsStandalone target not found
Refreshing native plugins compatible for Editor in 0.51 ms, found 0 plugins.
Preloading 0 native plugins for Editor in 0.00 ms.
Warning: Annotation not found!
UnityEngine.StackTraceUtility:ExtractStackTrace ()
UnityEditor.ProBuilder.EditorUtility:SetGizmoIconEnabled (System.Type,bool) (at Library/PackageCache/com.unity.probuilder@4.5.0/Editor/EditorCore/EditorUtility.cs:593)
UnityEditor.ProBuilder.HierarchyListener:.cctor () (at Library/PackageCache/com.unity.probuilder@4.5.0/Editor/EditorCore/HierarchyListener.cs:21)
System.Runtime.CompilerServices.RuntimeHelpers:RunClassConstructor (System.RuntimeTypeHandle)
UnityEditor.EditorAssemblies:ProcessInitializeOnLoadAttributes (System.Type[])

[Library/PackageCache/com.unity.probuilder@4.5.0/Editor/EditorCore/EditorUtility.cs line 593]

Invoked RoslynAnalysisRunner static constructor.
RoslynAnalysisRunner will not be running.
RoslynAnalysisRunner has terminated.
Mono: successfully reloaded assembly
- Completed reload, in  1.318 seconds
Platform modules already initialized, skipping
Refreshing native plugins compatible for Editor in 0.49 ms, found 0 plugins.
Preloading 0 native plugins for Editor in 0.00 ms.
Unloading 1768 Unused Serialized files (Serialized files now loaded: 0)
System memory in use before: 92.6 MB.
System memory in use after: 92.1 MB.

Unloading 11 unused Assets to reduce memory usage. Loaded Objects now: 2343.
Total: 3.001200 ms (FindLiveObjects: 0.224300 ms CreateObjectMapping: 0.091900 ms MarkObjects: 2.285700 ms  DeleteObjects: 0.398200 ms)

========================================================================
Received Prepare
Registering precompiled user dll's ...
Registered in 0.001982 seconds.
Begin MonoManager ReloadAssembly
Native extension for WindowsStandalone target not found
Refreshing native plugins compatible for Editor in 0.38 ms, found 0 plugins.
Preloading 0 native plugins for Editor in 0.00 ms.
Warning: Annotation not found!
UnityEngine.StackTraceUtility:ExtractStackTrace ()
UnityEditor.ProBuilder.EditorUtility:SetGizmoIconEnabled (System.Type,bool) (at Library/PackageCache/com.unity.probuilder@4.5.0/Editor/EditorCore/EditorUtility.cs:593)
UnityEditor.ProBuilder.HierarchyListener:.cctor () (at Library/PackageCache/com.unity.probuilder@4.5.0/Editor/EditorCore/HierarchyListener.cs:21)
System.Runtime.CompilerServices.RuntimeHelpers:RunClassConstructor (System.RuntimeTypeHandle)
UnityEditor.EditorAssemblies:ProcessInitializeOnLoadAttributes (System.Type[])

[Library/PackageCache/com.unity.probuilder@4.5.0/Editor/EditorCore/EditorUtility.cs line 593]

Invoked RoslynAnalysisRunner static constructor.
RoslynAnalysisRunner will not be running.
RoslynAnalysisRunner has terminated.
Mono: successfully reloaded assembly
- Completed reload, in  0.817 seconds
Platform modules already initialized, skipping
Refreshing native plugins compatible for Editor in 0.40 ms, found 0 plugins.
Preloading 0 native plugins for Editor in 0.00 ms.
Unloading 1768 Unused Serialized files (Serialized files now loaded: 0)
System memory in use before: 92.6 MB.
System memory in use after: 92.1 MB.

Unloading 11 unused Assets to reduce memory usage. Loaded Objects now: 2346.
Total: 2.605300 ms (FindLiveObjects: 0.256500 ms CreateObjectMapping: 0.094800 ms MarkObjects: 1.934100 ms  DeleteObjects: 0.318800 ms)

========================================================================
Received Import Request.
  Time since last request: 945.159840 seconds.
  path: Assets/Scenes/Menu.unity
  artifactKey: Guid(9fc0d4010bbf28b4594072e72b8655ab) Importer(815301076,1909f56bfc062723c751e8b465ee728b)
Start importing Assets/Scenes/Menu.unity using Guid(9fc0d4010bbf28b4594072e72b8655ab) Importer(815301076,1909f56bfc062723c751e8b465ee728b)  -> (artifact id: 'ae4e0a19f68cdb865d9ab8a2978c2800') in 0.019423 seconds
  Import took 0.022311 seconds .

========================================================================
Received Prepare
Registering precompiled user dll's ...
Registered in 0.001887 seconds.
Begin MonoManager ReloadAssembly
Native extension for WindowsStandalone target not found
Refreshing native plugins compatible for Editor in 0.44 ms, found 0 plugins.
Preloading 0 native plugins for Editor in 0.00 ms.
Warning: Annotation not found!
UnityEngine.StackTraceUtility:ExtractStackTrace ()
UnityEditor.ProBuilder.EditorUtility:SetGizmoIconEnabled (System.Type,bool) (at Library/PackageCache/com.unity.probuilder@4.5.0/Editor/EditorCore/EditorUtility.cs:593)
UnityEditor.ProBuilder.HierarchyListener:.cctor () (at Library/PackageCache/com.unity.probuilder@4.5.0/Editor/EditorCore/HierarchyListener.cs:21)
System.Runtime.CompilerServices.RuntimeHelpers:RunClassConstructor (System.RuntimeTypeHandle)
UnityEditor.EditorAssemblies:ProcessInitializeOnLoadAttributes (System.Type[])

[Library/PackageCache/com.unity.probuilder@4.5.0/Editor/EditorCore/EditorUtility.cs line 593]

Invoked RoslynAnalysisRunner static constructor.
RoslynAnalysisRunner will not be running.
RoslynAnalysisRunner has terminated.
Mono: successfully reloaded assembly
- Completed reload, in  0.834 seconds
Platform modules already initialized, skipping
Refreshing native plugins compatible for Editor in 0.39 ms, found 0 plugins.
Preloading 0 native plugins for Editor in 0.00 ms.
Unloading 1768 Unused Serialized files (Serialized files now loaded: 0)
System memory in use before: 92.6 MB.
System memory in use after: 92.2 MB.

Unloading 11 unused Assets to reduce memory usage. Loaded Objects now: 2349.
Total: 2.456400 ms (FindLiveObjects: 0.205800 ms CreateObjectMapping: 0.074900 ms MarkObjects: 1.863300 ms  DeleteObjects: 0.311400 ms)

========================================================================
Received Prepare
Registering precompiled user dll's ...
Registered in 0.002237 seconds.
Begin MonoManager ReloadAssembly
Native extension for WindowsStandalone target not found
Refreshing native plugins compatible for Editor in 0.40 ms, found 0 plugins.
Preloading 0 native plugins for Editor in 0.00 ms.
Warning: Annotation not found!
UnityEngine.StackTraceUtility:ExtractStackTrace ()
UnityEditor.ProBuilder.EditorUtility:SetGizmoIconEnabled (System.Type,bool) (at Library/PackageCache/com.unity.probuilder@4.5.0/Editor/EditorCore/EditorUtility.cs:593)
UnityEditor.ProBuilder.HierarchyListener:.cctor () (at Library/PackageCache/com.unity.probuilder@4.5.0/Editor/EditorCore/HierarchyListener.cs:21)
System.Runtime.CompilerServices.RuntimeHelpers:RunClassConstructor (System.RuntimeTypeHandle)
UnityEditor.EditorAssemblies:ProcessInitializeOnLoadAttributes (System.Type[])

[Library/PackageCache/com.unity.probuilder@4.5.0/Editor/EditorCore/EditorUtility.cs line 593]

Invoked RoslynAnalysisRunner static constructor.
RoslynAnalysisRunner will not be running.
RoslynAnalysisRunner has terminated.
Mono: successfully reloaded assembly
- Completed reload, in  0.945 seconds
Platform modules already initialized, skipping
Refreshing native plugins compatible for Editor in 0.47 ms, found 0 plugins.
Preloading 0 native plugins for Editor in 0.00 ms.
Unloading 1768 Unused Serialized files (Serialized files now loaded: 0)
System memory in use before: 92.6 MB.
System memory in use after: 92.2 MB.

Unloading 11 unused Assets to reduce memory usage. Loaded Objects now: 2352.
Total: 2.727200 ms (FindLiveObjects: 0.213400 ms CreateObjectMapping: 0.069900 ms MarkObjects: 2.095800 ms  DeleteObjects: 0.347000 ms)

========================================================================
Received Prepare
Registering precompiled user dll's ...
Registered in 0.002047 seconds.
Begin MonoManager ReloadAssembly
Native extension for WindowsStandalone target not found
Refreshing native plugins compatible for Editor in 0.55 ms, found 0 plugins.
Preloading 0 native plugins for Editor in 0.00 ms.
Warning: Annotation not found!
UnityEngine.StackTraceUtility:ExtractStackTrace ()
UnityEditor.ProBuilder.EditorUtility:SetGizmoIconEnabled (System.Type,bool) (at Library/PackageCache/com.unity.probuilder@4.5.0/Editor/EditorCore/EditorUtility.cs:593)
UnityEditor.ProBuilder.HierarchyListener:.cctor () (at Library/PackageCache/com.unity.probuilder@4.5.0/Editor/EditorCore/HierarchyListener.cs:21)
System.Runtime.CompilerServices.RuntimeHelpers:RunClassConstructor (System.RuntimeTypeHandle)
UnityEditor.EditorAssemblies:ProcessInitializeOnLoadAttributes (System.Type[])

[Library/PackageCache/com.unity.probuilder@4.5.0/Editor/EditorCore/EditorUtility.cs line 593]

Invoked RoslynAnalysisRunner static constructor.
RoslynAnalysisRunner will not be running.
RoslynAnalysisRunner has terminated.
Mono: successfully reloaded assembly
- Completed reload, in  0.981 seconds
Platform modules already initialized, skipping
Refreshing native plugins compatible for Editor in 0.49 ms, found 0 plugins.
Preloading 0 native plugins for Editor in 0.00 ms.
Unloading 1768 Unused Serialized files (Serialized files now loaded: 0)
System memory in use before: 92.6 MB.
System memory in use after: 92.2 MB.

Unloading 11 unused Assets to reduce memory usage. Loaded Objects now: 2355.
Total: 2.437300 ms (FindLiveObjects: 0.203800 ms CreateObjectMapping: 0.053800 ms MarkObjects: 1.839800 ms  DeleteObjects: 0.339100 ms)

========================================================================
Received Prepare
Refreshing native plugins compatible for Editor in 1.62 ms, found 0 plugins.
Preloading 0 native plugins for Editor in 0.00 ms.
Unloading 9 Unused Serialized files (Serialized files now loaded: 0)
System memory in use before: 57.3 MB.
System memory in use after: 56.8 MB.

Unloading 9 unused Assets to reduce memory usage. Loaded Objects now: 2355.
Total: 2.684300 ms (FindLiveObjects: 0.219700 ms CreateObjectMapping: 0.065000 ms MarkObjects: 2.058900 ms  DeleteObjects: 0.339400 ms)

========================================================================
Received Prepare
Refreshing native plugins compatible for Editor in 1.60 ms, found 0 plugins.
Preloading 0 native plugins for Editor in 0.00 ms.
Unloading 9 Unused Serialized files (Serialized files now loaded: 0)
System memory in use before: 57.3 MB.
System memory in use after: 56.8 MB.

Unloading 9 unused Assets to reduce memory usage. Loaded Objects now: 2355.
Total: 2.683000 ms (FindLiveObjects: 0.215000 ms CreateObjectMapping: 0.069400 ms MarkObjects: 2.057900 ms  DeleteObjects: 0.339800 ms)

========================================================================
Received Prepare
Registering precompiled user dll's ...
Registered in 0.007541 seconds.
Begin MonoManager ReloadAssembly
Native extension for WindowsStandalone target not found
Refreshing native plugins compatible for Editor in 0.48 ms, found 0 plugins.
Preloading 0 native plugins for Editor in 0.00 ms.
Warning: Annotation not found!
UnityEngine.StackTraceUtility:ExtractStackTrace ()
UnityEditor.ProBuilder.EditorUtility:SetGizmoIconEnabled (System.Type,bool) (at Library/PackageCache/com.unity.probuilder@4.5.0/Editor/EditorCore/EditorUtility.cs:593)
UnityEditor.ProBuilder.HierarchyListener:.cctor () (at Library/PackageCache/com.unity.probuilder@4.5.0/Editor/EditorCore/HierarchyListener.cs:21)
System.Runtime.CompilerServices.RuntimeHelpers:RunClassConstructor (System.RuntimeTypeHandle)
UnityEditor.EditorAssemblies:ProcessInitializeOnLoadAttributes (System.Type[])

[Library/PackageCache/com.unity.probuilder@4.5.0/Editor/EditorCore/EditorUtility.cs line 593]

Invoked RoslynAnalysisRunner static constructor.
RoslynAnalysisRunner will not be running.
RoslynAnalysisRunner has terminated.
Mono: successfully reloaded assembly
- Completed reload, in  1.251 seconds
Platform modules already initialized, skipping
Refreshing native plugins compatible for Editor in 0.39 ms, found 0 plugins.
Preloading 0 native plugins for Editor in 0.00 ms.
Unloading 1768 Unused Serialized files (Serialized files now loaded: 0)
System memory in use before: 92.7 MB.
System memory in use after: 92.2 MB.

Unloading 11 unused Assets to reduce memory usage. Loaded Objects now: 2358.
Total: 3.864100 ms (FindLiveObjects: 0.430500 ms CreateObjectMapping: 0.137100 ms MarkObjects: 2.787900 ms  DeleteObjects: 0.507100 ms)

