Using pre-set license
Built from '2020.3/release' branch; Version is '2020.3.2f1 (8fd9074bf66c) revision 9427207'; Using compiler version '192528614'; Build Type 'Release'
OS: 'Windows 10 Home; OS build 19041.928; Version 2004; 64bit' Language: 'en' Physical Memory: 16111 MB
BatchMode: 1, IsHumanControllingUs: 0, StartBugReporterOnCrash: 0, Is64bit: 1, IsPro: 0

 COMMAND LINE ARGUMENTS:
C:\Program Files\Unity\Hub\Editor\2020.3.2f1\Editor\Unity.exe
-adb2
-batchMode
-noUpm
-name
AssetImportWorker0
-projectPath
C:/Users/samle/OneDrive/Documents/GitHub/SewerMultiplayerFPS/SewerMultiplayerFPS
-logFile
Logs/AssetImportWorker0.log
-srvPort
64377
Successfully changed project path to: C:/Users/samle/OneDrive/Documents/GitHub/SewerMultiplayerFPS/SewerMultiplayerFPS
C:/Users/samle/OneDrive/Documents/GitHub/SewerMultiplayerFPS/SewerMultiplayerFPS
Using Asset Import Pipeline V2.
Refreshing native plugins compatible for Editor in 37.45 ms, found 0 plugins.
Preloading 0 native plugins for Editor in 0.00 ms.
Initialize engine version: 2020.3.2f1 (8fd9074bf66c)
[Subsystems] Discovering subsystems at path C:/Program Files/Unity/Hub/Editor/2020.3.2f1/Editor/Data/Resources/UnitySubsystems
[Subsystems] Discovering subsystems at path C:/Users/samle/OneDrive/Documents/GitHub/SewerMultiplayerFPS/SewerMultiplayerFPS/Assets
GfxDevice: creating device client; threaded=0
Direct3D:
    Version:  Direct3D 11.0 [level 11.1]
    Renderer: NVIDIA GeForce GTX 1650 (ID=0x1f91)
    Vendor:   
    VRAM:     3964 MB
    Driver:   27.21.14.6109
Initialize mono
Mono path[0] = 'C:/Program Files/Unity/Hub/Editor/2020.3.2f1/Editor/Data/Managed'
Mono path[1] = 'C:/Program Files/Unity/Hub/Editor/2020.3.2f1/Editor/Data/MonoBleedingEdge/lib/mono/unityjit'
Mono config path = 'C:/Program Files/Unity/Hub/Editor/2020.3.2f1/Editor/Data/MonoBleedingEdge/etc'
Using monoOptions --debugger-agent=transport=dt_socket,embedding=1,server=y,suspend=n,address=127.0.0.1:56984
Begin MonoManager ReloadAssembly
Registering precompiled unity dll's ...
Register platform support module: C:/Program Files/Unity/Hub/Editor/2020.3.2f1/Editor/Data/PlaybackEngines/WindowsStandaloneSupport/UnityEditor.WindowsStandalone.Extensions.dll
Registered in 0.001714 seconds.
Native extension for WindowsStandalone target not found
Refreshing native plugins compatible for Editor in 37.18 ms, found 0 plugins.
Preloading 0 native plugins for Editor in 0.00 ms.
Invoked RoslynAnalysisRunner static constructor.
RoslynAnalysisRunner will not be running.
RoslynAnalysisRunner has terminated.
Mono: successfully reloaded assembly
- Completed reload, in  0.862 seconds
Platform modules already initialized, skipping
Registering precompiled user dll's ...
Registered in 0.001937 seconds.
Begin MonoManager ReloadAssembly
Native extension for WindowsStandalone target not found
Refreshing native plugins compatible for Editor in 0.39 ms, found 0 plugins.
Preloading 0 native plugins for Editor in 0.00 ms.
Invoked RoslynAnalysisRunner static constructor.
RoslynAnalysisRunner will not be running.
RoslynAnalysisRunner has terminated.
Mono: successfully reloaded assembly
- Completed reload, in  0.889 seconds
Platform modules already initialized, skipping
========================================================================
Worker process is ready to serve import requests
Launched and connected shader compiler UnityShaderCompiler.exe after 0.04 seconds
Refreshing native plugins compatible for Editor in 0.40 ms, found 0 plugins.
Preloading 0 native plugins for Editor in 0.00 ms.
Unloading 1807 Unused Serialized files (Serialized files now loaded: 0)
System memory in use before: 94.2 MB.
System memory in use after: 93.7 MB.

Unloading 88 unused Assets to reduce memory usage. Loaded Objects now: 2248.
Total: 2.510500 ms (FindLiveObjects: 0.195300 ms CreateObjectMapping: 0.099300 ms MarkObjects: 1.846900 ms  DeleteObjects: 0.367700 ms)

========================================================================
Received Import Request.
  path: Assets/Scenes/Sewer2.unity
  artifactKey: Guid(589ab7634120e75499f1f4c750f04765) Importer(815301076,1909f56bfc062723c751e8b465ee728b)
Start importing Assets/Scenes/Sewer2.unity using Guid(589ab7634120e75499f1f4c750f04765) Importer(815301076,1909f56bfc062723c751e8b465ee728b)  -> (artifact id: '7ca00c66235517b80937b584020307a0') in 0.013773 seconds
  Import took 0.017634 seconds .

========================================================================
Received Import Request.
  Time since last request: 27.522024 seconds.
  path: Assets/Prefabs/Sewers/2x1Left90.prefab
  artifactKey: Guid(a8948679c5418c74da95e41f0829889d) Importer(815301076,1909f56bfc062723c751e8b465ee728b)
Start importing Assets/Prefabs/Sewers/2x1Left90.prefab using Guid(a8948679c5418c74da95e41f0829889d) Importer(815301076,1909f56bfc062723c751e8b465ee728b)  -> (artifact id: '6eb3bf934636b96cb48a0090d0323b19') in 0.047169 seconds
  Import took 0.049984 seconds .

========================================================================
Received Import Request.
  Time since last request: 9.011257 seconds.
  path: Assets/Prefabs/Sewers/2x1Left90.prefab
  artifactKey: Guid(a8948679c5418c74da95e41f0829889d) Importer(815301076,1909f56bfc062723c751e8b465ee728b)
Start importing Assets/Prefabs/Sewers/2x1Left90.prefab using Guid(a8948679c5418c74da95e41f0829889d) Importer(815301076,1909f56bfc062723c751e8b465ee728b)  -> (artifact id: 'bd033d3ff737b02b979f598bdbd18fc9') in 0.004100 seconds
  Import took 0.007211 seconds .

========================================================================
Received Import Request.
  Time since last request: 12.842650 seconds.
  path: Assets/Prefabs/Sewers/2x1Left90.prefab
  artifactKey: Guid(a8948679c5418c74da95e41f0829889d) Importer(815301076,1909f56bfc062723c751e8b465ee728b)
Start importing Assets/Prefabs/Sewers/2x1Left90.prefab using Guid(a8948679c5418c74da95e41f0829889d) Importer(815301076,1909f56bfc062723c751e8b465ee728b)  -> (artifact id: '497185a3912dedc67cec6476aab41bef') in 0.004466 seconds
  Import took 0.007259 seconds .

========================================================================
Received Import Request.
  Time since last request: 5.727237 seconds.
  path: Assets/Prefabs/Sewers/2x1Left90.prefab
  artifactKey: Guid(a8948679c5418c74da95e41f0829889d) Importer(815301076,1909f56bfc062723c751e8b465ee728b)
Start importing Assets/Prefabs/Sewers/2x1Left90.prefab using Guid(a8948679c5418c74da95e41f0829889d) Importer(815301076,1909f56bfc062723c751e8b465ee728b)  -> (artifact id: '2fb5d3615edebc7964e7770a5871e681') in 0.004173 seconds
  Import took 0.006901 seconds .

========================================================================
Received Import Request.
  Time since last request: 13.219227 seconds.
  path: Assets/Prefabs/Sewers/2x1Right90.prefab
  artifactKey: Guid(6a11c59f5eafcf6448709e2b78f469f0) Importer(815301076,1909f56bfc062723c751e8b465ee728b)
Start importing Assets/Prefabs/Sewers/2x1Right90.prefab using Guid(6a11c59f5eafcf6448709e2b78f469f0) Importer(815301076,1909f56bfc062723c751e8b465ee728b)  -> (artifact id: '1b0610e51d4f4cf80d6b0b84858f0a8c') in 0.008226 seconds
  Import took 0.010931 seconds .

========================================================================
Received Import Request.
  Time since last request: 6.039936 seconds.
  path: Assets/Prefabs/Sewers/2x1Right90.prefab
  artifactKey: Guid(6a11c59f5eafcf6448709e2b78f469f0) Importer(815301076,1909f56bfc062723c751e8b465ee728b)
Start importing Assets/Prefabs/Sewers/2x1Right90.prefab using Guid(6a11c59f5eafcf6448709e2b78f469f0) Importer(815301076,1909f56bfc062723c751e8b465ee728b)  -> (artifact id: 'cb3e18bdd1d9b4473cead53d0e39d347') in 0.003912 seconds
  Import took 0.006991 seconds .

========================================================================
Received Import Request.
  Time since last request: 11.949458 seconds.
  path: Assets/Prefabs/Sewers/2x1Straight.prefab
  artifactKey: Guid(eaf9d12ef7027114baf4ba31e44ee842) Importer(815301076,1909f56bfc062723c751e8b465ee728b)
Start importing Assets/Prefabs/Sewers/2x1Straight.prefab using Guid(eaf9d12ef7027114baf4ba31e44ee842) Importer(815301076,1909f56bfc062723c751e8b465ee728b)  -> (artifact id: '5619f914d7ffbc8c544672b371f3824d') in 0.007964 seconds
  Import took 0.011068 seconds .

========================================================================
Received Import Request.
  Time since last request: 4.016769 seconds.
  path: Assets/Prefabs/Sewers/2x1Straight.prefab
  artifactKey: Guid(eaf9d12ef7027114baf4ba31e44ee842) Importer(815301076,1909f56bfc062723c751e8b465ee728b)
Start importing Assets/Prefabs/Sewers/2x1Straight.prefab using Guid(eaf9d12ef7027114baf4ba31e44ee842) Importer(815301076,1909f56bfc062723c751e8b465ee728b)  -> (artifact id: '075e7848a989dfa0819d6d641530bb74') in 0.004186 seconds
  Import took 0.007163 seconds .

========================================================================
Received Import Request.
  Time since last request: 38.767650 seconds.
  path: Assets/Prefabs/Sewers/3x1Stairs.prefab
  artifactKey: Guid(6e8e72b6a0512b04ab709f474e646d15) Importer(815301076,1909f56bfc062723c751e8b465ee728b)
Start importing Assets/Prefabs/Sewers/3x1Stairs.prefab using Guid(6e8e72b6a0512b04ab709f474e646d15) Importer(815301076,1909f56bfc062723c751e8b465ee728b)  -> (artifact id: '8386206e3bf5a477b008b7228454bf9f') in 0.009188 seconds
  Import took 0.012075 seconds .

========================================================================
Received Import Request.
  Time since last request: 4.439299 seconds.
  path: Assets/Prefabs/Sewers/3x1Stairs.prefab
  artifactKey: Guid(6e8e72b6a0512b04ab709f474e646d15) Importer(815301076,1909f56bfc062723c751e8b465ee728b)
Start importing Assets/Prefabs/Sewers/3x1Stairs.prefab using Guid(6e8e72b6a0512b04ab709f474e646d15) Importer(815301076,1909f56bfc062723c751e8b465ee728b)  -> (artifact id: '604e0ff0afa03bcd184e91053844f840') in 0.004790 seconds
  Import took 0.018402 seconds .

========================================================================
Received Import Request.
  Time since last request: 8.401534 seconds.
  path: Assets/Prefabs/Sewers/3x1Straight.prefab
  artifactKey: Guid(86aed0f303c338d4a9764f17bdf168fd) Importer(815301076,1909f56bfc062723c751e8b465ee728b)
Start importing Assets/Prefabs/Sewers/3x1Straight.prefab using Guid(86aed0f303c338d4a9764f17bdf168fd) Importer(815301076,1909f56bfc062723c751e8b465ee728b)  -> (artifact id: '00b87f61ace51660c354a38415da9025') in 0.008958 seconds
  Import took 0.011866 seconds .

========================================================================
Received Import Request.
  Time since last request: 4.437575 seconds.
  path: Assets/Prefabs/Sewers/3x1Straight.prefab
  artifactKey: Guid(86aed0f303c338d4a9764f17bdf168fd) Importer(815301076,1909f56bfc062723c751e8b465ee728b)
Start importing Assets/Prefabs/Sewers/3x1Straight.prefab using Guid(86aed0f303c338d4a9764f17bdf168fd) Importer(815301076,1909f56bfc062723c751e8b465ee728b)  -> (artifact id: 'b2f05c183d2f6621af88150346316f97') in 0.004871 seconds
  Import took 0.007874 seconds .

========================================================================
Received Import Request.
  Time since last request: 18.512011 seconds.
  path: Assets/Prefabs/Sewers/3x3Left90.prefab
  artifactKey: Guid(154dec2789d0ca2429ef4b8b5c23124e) Importer(815301076,1909f56bfc062723c751e8b465ee728b)
Start importing Assets/Prefabs/Sewers/3x3Left90.prefab using Guid(154dec2789d0ca2429ef4b8b5c23124e) Importer(815301076,1909f56bfc062723c751e8b465ee728b)  -> (artifact id: '85e7ffc097d220ab6572216beb0316f5') in 0.008240 seconds
  Import took 0.011018 seconds .

========================================================================
Received Import Request.
  Time since last request: 2.441125 seconds.
  path: Assets/Prefabs/Sewers/3x3Left90.prefab
  artifactKey: Guid(154dec2789d0ca2429ef4b8b5c23124e) Importer(815301076,1909f56bfc062723c751e8b465ee728b)
Start importing Assets/Prefabs/Sewers/3x3Left90.prefab using Guid(154dec2789d0ca2429ef4b8b5c23124e) Importer(815301076,1909f56bfc062723c751e8b465ee728b)  -> (artifact id: 'f092e960e83a2181fc7c8e1fd52af2c6') in 0.004476 seconds
  Import took 0.007367 seconds .

========================================================================
Received Import Request.
  Time since last request: 10.675803 seconds.
  path: Assets/Prefabs/Sewers/3x3Right90.prefab
  artifactKey: Guid(0a87ddbc2087a044b9c46ecc9e8d39f4) Importer(815301076,1909f56bfc062723c751e8b465ee728b)
Start importing Assets/Prefabs/Sewers/3x3Right90.prefab using Guid(0a87ddbc2087a044b9c46ecc9e8d39f4) Importer(815301076,1909f56bfc062723c751e8b465ee728b)  -> (artifact id: '5336a8a953031841f813891514dec91b') in 0.008116 seconds
  Import took 0.010885 seconds .

========================================================================
Received Import Request.
  Time since last request: 2.618270 seconds.
  path: Assets/Prefabs/Sewers/3x3Right90.prefab
  artifactKey: Guid(0a87ddbc2087a044b9c46ecc9e8d39f4) Importer(815301076,1909f56bfc062723c751e8b465ee728b)
Start importing Assets/Prefabs/Sewers/3x3Right90.prefab using Guid(0a87ddbc2087a044b9c46ecc9e8d39f4) Importer(815301076,1909f56bfc062723c751e8b465ee728b)  -> (artifact id: 'c396cbda8ec758c5525020b75d1a2475') in 0.004784 seconds
  Import took 0.007933 seconds .

========================================================================
Received Import Request.
  Time since last request: 543.220314 seconds.
  path: Assets/Prefabs/Sewers/6x1Straight.prefab
  artifactKey: Guid(9dfb942197ee3d04dad81a780b94ca07) Importer(815301076,1909f56bfc062723c751e8b465ee728b)
Start importing Assets/Prefabs/Sewers/6x1Straight.prefab using Guid(9dfb942197ee3d04dad81a780b94ca07) Importer(815301076,1909f56bfc062723c751e8b465ee728b)  -> (artifact id: '2a0a218bc28e46d868ade1b70ca2327d') in 0.008949 seconds
  Import took 0.013359 seconds .

========================================================================
Received Import Request.
  Time since last request: 2.883656 seconds.
  path: Assets/Prefabs/Sewers/6x1Straight.prefab
  artifactKey: Guid(9dfb942197ee3d04dad81a780b94ca07) Importer(815301076,1909f56bfc062723c751e8b465ee728b)
Start importing Assets/Prefabs/Sewers/6x1Straight.prefab using Guid(9dfb942197ee3d04dad81a780b94ca07) Importer(815301076,1909f56bfc062723c751e8b465ee728b)  -> (artifact id: '93c95a3e04b8e542a1b9df8e6c41e079') in 0.004529 seconds
  Import took 0.007663 seconds .

========================================================================
Received Import Request.
  Time since last request: 12.708476 seconds.
  path: Assets/Prefabs/Sewers/Round1x8.prefab
  artifactKey: Guid(a3d591bb9d6e8fe47911474500649371) Importer(815301076,1909f56bfc062723c751e8b465ee728b)
Start importing Assets/Prefabs/Sewers/Round1x8.prefab using Guid(a3d591bb9d6e8fe47911474500649371) Importer(815301076,1909f56bfc062723c751e8b465ee728b)  -> (artifact id: '0525ac98278f0cd38550e4b69094c198') in 0.008802 seconds
  Import took 0.011773 seconds .

========================================================================
Received Import Request.
  Time since last request: 9.275151 seconds.
  path: Assets/Prefabs/Sewers/Round1x8.prefab
  artifactKey: Guid(a3d591bb9d6e8fe47911474500649371) Importer(815301076,1909f56bfc062723c751e8b465ee728b)
Start importing Assets/Prefabs/Sewers/Round1x8.prefab using Guid(a3d591bb9d6e8fe47911474500649371) Importer(815301076,1909f56bfc062723c751e8b465ee728b)  -> (artifact id: 'b1abfb369dee8ec91f27176cb6caf05d') in 0.004285 seconds
  Import took 0.007025 seconds .

========================================================================
Received Import Request.
  Time since last request: 21.612118 seconds.
  path: Assets/Prefabs/Sewers/Round1x16.prefab
  artifactKey: Guid(a9f29b7133795574b98092567ae69fd5) Importer(815301076,1909f56bfc062723c751e8b465ee728b)
Start importing Assets/Prefabs/Sewers/Round1x16.prefab using Guid(a9f29b7133795574b98092567ae69fd5) Importer(815301076,1909f56bfc062723c751e8b465ee728b)  -> (artifact id: 'b84bdd782f15e3bd0e579504a78d41e0') in 0.010411 seconds
  Import took 0.013263 seconds .

========================================================================
Received Import Request.
  Time since last request: 3.255892 seconds.
  path: Assets/Prefabs/Sewers/Round1x16.prefab
  artifactKey: Guid(a9f29b7133795574b98092567ae69fd5) Importer(815301076,1909f56bfc062723c751e8b465ee728b)
Start importing Assets/Prefabs/Sewers/Round1x16.prefab using Guid(a9f29b7133795574b98092567ae69fd5) Importer(815301076,1909f56bfc062723c751e8b465ee728b)  -> (artifact id: '82c3d874dde3b8ddf8ddf8e400fe58f3') in 0.006878 seconds
  Import took 0.009898 seconds .

========================================================================
Received Import Request.
  Time since last request: 18.754087 seconds.
  path: Assets/Prefabs/Sewers/Round2x8.prefab
  artifactKey: Guid(352778112c925124a88f2908f83f055b) Importer(815301076,1909f56bfc062723c751e8b465ee728b)
Start importing Assets/Prefabs/Sewers/Round2x8.prefab using Guid(352778112c925124a88f2908f83f055b) Importer(815301076,1909f56bfc062723c751e8b465ee728b)  -> (artifact id: 'de27b6cc3dcac024a96353d120e53c4a') in 0.008823 seconds
  Import took 0.011847 seconds .

========================================================================
Received Import Request.
  Time since last request: 2.495165 seconds.
  path: Assets/Prefabs/Sewers/Round2x8.prefab
  artifactKey: Guid(352778112c925124a88f2908f83f055b) Importer(815301076,1909f56bfc062723c751e8b465ee728b)
Start importing Assets/Prefabs/Sewers/Round2x8.prefab using Guid(352778112c925124a88f2908f83f055b) Importer(815301076,1909f56bfc062723c751e8b465ee728b)  -> (artifact id: '4ee93833c077f042bd2ce24a32a0037a') in 0.005369 seconds
  Import took 0.008330 seconds .

========================================================================
Received Import Request.
  Time since last request: 25.323091 seconds.
  path: Assets/Prefabs/Sewers/Round2x16.prefab
  artifactKey: Guid(2e5336bc6e87a65409afe8f7e7b1fc27) Importer(815301076,1909f56bfc062723c751e8b465ee728b)
Start importing Assets/Prefabs/Sewers/Round2x16.prefab using Guid(2e5336bc6e87a65409afe8f7e7b1fc27) Importer(815301076,1909f56bfc062723c751e8b465ee728b)  -> (artifact id: 'cc6cf072cf767aca313258ef1a3fad13') in 0.009515 seconds
  Import took 0.012578 seconds .

========================================================================
Received Import Request.
  Time since last request: 4.930283 seconds.
  path: Assets/Prefabs/Sewers/Round2x16.prefab
  artifactKey: Guid(2e5336bc6e87a65409afe8f7e7b1fc27) Importer(815301076,1909f56bfc062723c751e8b465ee728b)
Start importing Assets/Prefabs/Sewers/Round2x16.prefab using Guid(2e5336bc6e87a65409afe8f7e7b1fc27) Importer(815301076,1909f56bfc062723c751e8b465ee728b)  -> (artifact id: 'a9d9fab9ceb58da00baf30afc2444957') in 0.005553 seconds
  Import took 0.009032 seconds .

========================================================================
Received Import Request.
  Time since last request: 147.621182 seconds.
  path: Assets/Prefabs/Sewers/Round4x8.prefab
  artifactKey: Guid(7adc1445754f9f44fa6caf3eeaf64d14) Importer(815301076,1909f56bfc062723c751e8b465ee728b)
Start importing Assets/Prefabs/Sewers/Round4x8.prefab using Guid(7adc1445754f9f44fa6caf3eeaf64d14) Importer(815301076,1909f56bfc062723c751e8b465ee728b)  -> (artifact id: 'c5b755c0fc332b9d844864ef01435495') in 0.009345 seconds
  Import took 0.012266 seconds .

========================================================================
Received Import Request.
  Time since last request: 2.636699 seconds.
  path: Assets/Prefabs/Sewers/Round4x8.prefab
  artifactKey: Guid(7adc1445754f9f44fa6caf3eeaf64d14) Importer(815301076,1909f56bfc062723c751e8b465ee728b)
Start importing Assets/Prefabs/Sewers/Round4x8.prefab using Guid(7adc1445754f9f44fa6caf3eeaf64d14) Importer(815301076,1909f56bfc062723c751e8b465ee728b)  -> (artifact id: '881e952dcad8c7510c5dd30bc4767598') in 0.008059 seconds
  Import took 0.010997 seconds .

========================================================================
Received Import Request.
  Time since last request: 4.339576 seconds.
  path: Assets/Prefabs/Sewers/Round4x8.prefab
  artifactKey: Guid(7adc1445754f9f44fa6caf3eeaf64d14) Importer(815301076,1909f56bfc062723c751e8b465ee728b)
Start importing Assets/Prefabs/Sewers/Round4x8.prefab using Guid(7adc1445754f9f44fa6caf3eeaf64d14) Importer(815301076,1909f56bfc062723c751e8b465ee728b)  -> (artifact id: 'e93cade023847925ea714c18f8a5be8f') in 0.005401 seconds
  Import took 0.008663 seconds .

========================================================================
Received Import Request.
  Time since last request: 29.815636 seconds.
  path: Assets/Prefabs/Sewers/Round4x16.prefab
  artifactKey: Guid(fba343d33072f724fb53b2e1ae7cc3db) Importer(815301076,1909f56bfc062723c751e8b465ee728b)
Start importing Assets/Prefabs/Sewers/Round4x16.prefab using Guid(fba343d33072f724fb53b2e1ae7cc3db) Importer(815301076,1909f56bfc062723c751e8b465ee728b)  -> (artifact id: 'aeedcdd7d10659bdeb3e773a2b492478') in 0.010312 seconds
  Import took 0.020780 seconds .

========================================================================
Received Import Request.
  Time since last request: 2.226108 seconds.
  path: Assets/Prefabs/Sewers/Round4x16.prefab
  artifactKey: Guid(fba343d33072f724fb53b2e1ae7cc3db) Importer(815301076,1909f56bfc062723c751e8b465ee728b)
Start importing Assets/Prefabs/Sewers/Round4x16.prefab using Guid(fba343d33072f724fb53b2e1ae7cc3db) Importer(815301076,1909f56bfc062723c751e8b465ee728b)  -> (artifact id: '7848a942da7db0377557cf986bdc2a2e') in 0.012033 seconds
  Import took 0.015387 seconds .

========================================================================
Received Prepare
Registering precompiled user dll's ...
Registered in 0.002101 seconds.
Begin MonoManager ReloadAssembly
Native extension for WindowsStandalone target not found
Refreshing native plugins compatible for Editor in 0.38 ms, found 0 plugins.
Preloading 0 native plugins for Editor in 0.00 ms.
Warning: Annotation not found!
UnityEngine.StackTraceUtility:ExtractStackTrace ()
UnityEditor.ProBuilder.EditorUtility:SetGizmoIconEnabled (System.Type,bool) (at C:/Users/samle/OneDrive/Documents/GitHub/FPS-Game-Tutorial-master/FPS Game/Library/PackageCache/com.unity.probuilder@4.5.0/Editor/EditorCore/EditorUtility.cs:593)
UnityEditor.ProBuilder.HierarchyListener:.cctor () (at C:/Users/samle/OneDrive/Documents/GitHub/FPS-Game-Tutorial-master/FPS Game/Library/PackageCache/com.unity.probuilder@4.5.0/Editor/EditorCore/HierarchyListener.cs:21)
System.Runtime.CompilerServices.RuntimeHelpers:RunClassConstructor (System.RuntimeTypeHandle)
UnityEditor.EditorAssemblies:ProcessInitializeOnLoadAttributes (System.Type[])

[C:/Users/samle/OneDrive/Documents/GitHub/FPS-Game-Tutorial-master/FPS Game/Library/PackageCache/com.unity.probuilder@4.5.0/Editor/EditorCore/EditorUtility.cs line 593]

Invoked RoslynAnalysisRunner static constructor.
RoslynAnalysisRunner will not be running.
RoslynAnalysisRunner has terminated.
Mono: successfully reloaded assembly
- Completed reload, in  0.778 seconds
Platform modules already initialized, skipping
Refreshing native plugins compatible for Editor in 0.39 ms, found 0 plugins.
Preloading 0 native plugins for Editor in 0.00 ms.
Unloading 1732 Unused Serialized files (Serialized files now loaded: 0)
System memory in use before: 88.0 MB.
System memory in use after: 87.6 MB.

Unloading 11 unused Assets to reduce memory usage. Loaded Objects now: 2251.
Total: 2.154900 ms (FindLiveObjects: 0.150200 ms CreateObjectMapping: 0.053000 ms MarkObjects: 1.687800 ms  DeleteObjects: 0.263100 ms)

========================================================================
Received Import Request.
  Time since last request: 93.194020 seconds.
  path: Assets/Scenes/Sewer2.unity
  artifactKey: Guid(589ab7634120e75499f1f4c750f04765) Importer(815301076,1909f56bfc062723c751e8b465ee728b)
Start importing Assets/Scenes/Sewer2.unity using Guid(589ab7634120e75499f1f4c750f04765) Importer(815301076,1909f56bfc062723c751e8b465ee728b)  -> (artifact id: 'fe11e63070b4e3b201fb4f4c2bf53767') in 0.016456 seconds
  Import took 0.019204 seconds .

========================================================================
Received Prepare
Registering precompiled user dll's ...
Registered in 0.001931 seconds.
Begin MonoManager ReloadAssembly
Native extension for WindowsStandalone target not found
Refreshing native plugins compatible for Editor in 0.38 ms, found 0 plugins.
Preloading 0 native plugins for Editor in 0.00 ms.
Warning: Annotation not found!
UnityEngine.StackTraceUtility:ExtractStackTrace ()
UnityEditor.ProBuilder.EditorUtility:SetGizmoIconEnabled (System.Type,bool) (at C:/Users/samle/OneDrive/Documents/GitHub/FPS-Game-Tutorial-master/FPS Game/Library/PackageCache/com.unity.probuilder@4.5.0/Editor/EditorCore/EditorUtility.cs:593)
UnityEditor.ProBuilder.HierarchyListener:.cctor () (at C:/Users/samle/OneDrive/Documents/GitHub/FPS-Game-Tutorial-master/FPS Game/Library/PackageCache/com.unity.probuilder@4.5.0/Editor/EditorCore/HierarchyListener.cs:21)
System.Runtime.CompilerServices.RuntimeHelpers:RunClassConstructor (System.RuntimeTypeHandle)
UnityEditor.EditorAssemblies:ProcessInitializeOnLoadAttributes (System.Type[])

[C:/Users/samle/OneDrive/Documents/GitHub/FPS-Game-Tutorial-master/FPS Game/Library/PackageCache/com.unity.probuilder@4.5.0/Editor/EditorCore/EditorUtility.cs line 593]

Invoked RoslynAnalysisRunner static constructor.
RoslynAnalysisRunner will not be running.
RoslynAnalysisRunner has terminated.
Mono: successfully reloaded assembly
- Completed reload, in  0.765 seconds
Platform modules already initialized, skipping
Refreshing native plugins compatible for Editor in 0.46 ms, found 0 plugins.
Preloading 0 native plugins for Editor in 0.00 ms.
Unloading 1732 Unused Serialized files (Serialized files now loaded: 0)
System memory in use before: 88.1 MB.
System memory in use after: 87.6 MB.

Unloading 11 unused Assets to reduce memory usage. Loaded Objects now: 2254.
Total: 2.254700 ms (FindLiveObjects: 0.163500 ms CreateObjectMapping: 0.046300 ms MarkObjects: 1.766800 ms  DeleteObjects: 0.277100 ms)

========================================================================
Received Import Request.
  Time since last request: 997.071720 seconds.
  path: Assets/Resources/PhotonPrefabs/PlayerController.prefab
  artifactKey: Guid(9c58df728f072f8459ea0a0f6269d035) Importer(815301076,1909f56bfc062723c751e8b465ee728b)
Start importing Assets/Resources/PhotonPrefabs/PlayerController.prefab using Guid(9c58df728f072f8459ea0a0f6269d035) Importer(815301076,1909f56bfc062723c751e8b465ee728b)  -> (artifact id: '310245ea1d413b804291f4e7f3031478') in 0.204644 seconds
  Import took 0.210430 seconds .

========================================================================
Received Import Request.
  Time since last request: 435.048977 seconds.
  path: Assets/Scenes/Sewer2.unity
  artifactKey: Guid(589ab7634120e75499f1f4c750f04765) Importer(815301076,1909f56bfc062723c751e8b465ee728b)
Start importing Assets/Scenes/Sewer2.unity using Guid(589ab7634120e75499f1f4c750f04765) Importer(815301076,1909f56bfc062723c751e8b465ee728b)  -> (artifact id: '4ff55126c27a3940fb70760273ba8ef2') in 0.003410 seconds
  Import took 0.007549 seconds .

========================================================================
Received Prepare
Registering precompiled user dll's ...
Registered in 0.002360 seconds.
Begin MonoManager ReloadAssembly
Native extension for WindowsStandalone target not found
Refreshing native plugins compatible for Editor in 0.38 ms, found 0 plugins.
Preloading 0 native plugins for Editor in 0.00 ms.
Warning: Annotation not found!
UnityEngine.StackTraceUtility:ExtractStackTrace ()
UnityEditor.ProBuilder.EditorUtility:SetGizmoIconEnabled (System.Type,bool) (at C:/Users/samle/OneDrive/Documents/GitHub/FPS-Game-Tutorial-master/FPS Game/Library/PackageCache/com.unity.probuilder@4.5.0/Editor/EditorCore/EditorUtility.cs:593)
UnityEditor.ProBuilder.HierarchyListener:.cctor () (at C:/Users/samle/OneDrive/Documents/GitHub/FPS-Game-Tutorial-master/FPS Game/Library/PackageCache/com.unity.probuilder@4.5.0/Editor/EditorCore/HierarchyListener.cs:21)
System.Runtime.CompilerServices.RuntimeHelpers:RunClassConstructor (System.RuntimeTypeHandle)
UnityEditor.EditorAssemblies:ProcessInitializeOnLoadAttributes (System.Type[])

[C:/Users/samle/OneDrive/Documents/GitHub/FPS-Game-Tutorial-master/FPS Game/Library/PackageCache/com.unity.probuilder@4.5.0/Editor/EditorCore/EditorUtility.cs line 593]

Invoked RoslynAnalysisRunner static constructor.
RoslynAnalysisRunner will not be running.
RoslynAnalysisRunner has terminated.
Mono: successfully reloaded assembly
- Completed reload, in  0.726 seconds
Platform modules already initialized, skipping
Refreshing native plugins compatible for Editor in 0.40 ms, found 0 plugins.
Preloading 0 native plugins for Editor in 0.00 ms.
Unloading 1732 Unused Serialized files (Serialized files now loaded: 0)
System memory in use before: 91.0 MB.
System memory in use after: 90.5 MB.

Unloading 13 unused Assets to reduce memory usage. Loaded Objects now: 2265.
Total: 2.224400 ms (FindLiveObjects: 0.138800 ms CreateObjectMapping: 0.048800 ms MarkObjects: 1.770000 ms  DeleteObjects: 0.266100 ms)

AssetImportWorkerClient::OnTransportError - code=2 error=End of file
